<?xml version="1.0" encoding="UTF-8"?>
<!-- Generated by org.testng.reporters.JUnitReportReporter -->
<testsuite hostname="PritiB" failures="0" tests="4" name="api.test.UserTest2" time="14.476" errors="0" timestamp="2024-05-26T11:15:51 IST" skipped="0">
  <testcase classname="api.test.UserTest2" name="testPostUser" time="6.575"/>
  <testcase classname="api.test.UserTest2" name="testGetUserByName" time="1.807"/>
  <testcase classname="api.test.UserTest2" name="testUpdateUserByName" time="4.073"/>
  <testcase classname="api.test.UserTest2" name="testDeleteUserName" time="2.021"/>
</testsuite> <!-- api.test.UserTest2 -->
