<?xml version="1.0" encoding="UTF-8"?>
<!-- Generated by org.testng.reporters.JUnitReportReporter -->
<testsuite hostname="PritiB" failures="0" tests="4" name="api.test.UserTest" time="13.485" errors="0" timestamp="2024-05-25T21:44:55 IST" skipped="0">
  <testcase classname="api.test.UserTest" name="testPostUser" time="5.378"/>
  <testcase classname="api.test.UserTest" name="testGetUserByName" time="2.097"/>
  <testcase classname="api.test.UserTest" name="testUpdateUserByName" time="4.617"/>
  <testcase classname="api.test.UserTest" name="testDeleteUserName" time="1.393"/>
</testsuite> <!-- api.test.UserTest -->
