<?xml version="1.0" encoding="UTF-8"?>
<!-- Generated by org.testng.reporters.JUnitReportReporter -->
<testsuite hostname="PritiB" failures="0" tests="6" name="api.test.DDtests" time="15.152" errors="0" timestamp="2024-05-25T21:48:32 IST" skipped="0">
  <testcase classname="api.test.DDtests" name="testPostuser" time="2.037"/>
  <testcase classname="api.test.DDtests" name="testPostuser" time="5.275"/>
  <testcase classname="api.test.DDtests" name="testPostuser" time="2.126"/>
  <testcase classname="api.test.DDtests" name="testDeleteUserByName" time="1.742"/>
  <testcase classname="api.test.DDtests" name="testDeleteUserByName" time="2.034"/>
  <testcase classname="api.test.DDtests" name="testDeleteUserByName" time="1.938"/>
</testsuite> <!-- api.test.DDtests -->
